2022-04-25 15:54:55,825 [Worker-4: Loading available Gradle versions] INFO  o.e.b.c.i.u.g.PublishedGradleVersions - Gradle version information cache is up-to-date. Trying to read.
2022-04-25 15:55:23,102 [Worker-8: Loading available Gradle versions] INFO  o.e.b.c.i.u.g.PublishedGradleVersions - Gradle version information cache is up-to-date. Trying to read.
2022-04-26 07:53:46,857 [Worker-4: Loading available Gradle versions] INFO  o.e.b.c.i.u.g.PublishedGradleVersions - Gradle version information cache is up-to-date. Trying to read.
2022-04-26 11:04:15,518 [Worker-5: Loading available Gradle versions] INFO  o.e.b.c.i.u.g.PublishedGradleVersions - Gradle version information cache is up-to-date. Trying to read.
2022-04-26 11:19:08,365 [Worker-4: Loading available Gradle versions] INFO  o.e.b.c.i.u.g.PublishedGradleVersions - Gradle version information cache is up-to-date. Trying to read.
2022-04-27 16:34:44,732 [ForkJoinPool.commonPool-worker-2] ERROR org.eclipse.jgit.util.FS - Cannot save config file 'FileBasedConfig[X:\.gitconfig]'
java.io.IOException: Creating directories for X:\ failed
	at org.eclipse.jgit.util.FileUtils.mkdirs(FileUtils.java:425) ~[org.eclipse.jgit_5.5.0.201909110433-r.jar:5.5.0.201909110433-r]
	at org.eclipse.jgit.internal.storage.file.LockFile.lock(LockFile.java:163) ~[org.eclipse.jgit_5.5.0.201909110433-r.jar:5.5.0.201909110433-r]
	at org.eclipse.jgit.storage.file.FileBasedConfig.save(FileBasedConfig.java:252) ~[org.eclipse.jgit_5.5.0.201909110433-r.jar:5.5.0.201909110433-r]
	at org.eclipse.jgit.util.FS$FileStoreAttributes.saveToConfig(FS.java:584) [org.eclipse.jgit_5.5.0.201909110433-r.jar:5.5.0.201909110433-r]
	at org.eclipse.jgit.util.FS$FileStoreAttributes.lambda$0(FS.java:364) [org.eclipse.jgit_5.5.0.201909110433-r.jar:5.5.0.201909110433-r]
	at java.util.concurrent.CompletableFuture$AsyncSupply.run(CompletableFuture.java:1590) ~[na:1.8.0_152]
	at java.util.concurrent.CompletableFuture$AsyncSupply.exec(CompletableFuture.java:1582) ~[na:1.8.0_152]
	at java.util.concurrent.ForkJoinTask.doExec(ForkJoinTask.java:289) ~[na:1.8.0_152]
	at java.util.concurrent.ForkJoinPool$WorkQueue.runTask(ForkJoinPool.java:1056) ~[na:1.8.0_152]
	at java.util.concurrent.ForkJoinPool.runWorker(ForkJoinPool.java:1692) ~[na:1.8.0_152]
	at java.util.concurrent.ForkJoinWorkerThread.run(ForkJoinWorkerThread.java:157) ~[na:1.8.0_152]
2022-04-27 16:35:59,485 [Worker-1: Loading available Gradle versions] INFO  o.e.b.c.i.u.g.PublishedGradleVersions - Gradle version information cache is up-to-date. Trying to read.
2022-04-29 12:44:53,156 [Worker-5: Loading available Gradle versions] INFO  o.e.b.c.i.u.g.PublishedGradleVersions - Gradle version information cache is up-to-date. Trying to read.
2022-04-29 12:46:57,421 [Worker-2: Loading available Gradle versions] INFO  o.e.b.c.i.u.g.PublishedGradleVersions - Gradle version information cache is up-to-date. Trying to read.
2022-05-02 07:58:21,643 [Worker-5: Loading available Gradle versions] INFO  o.e.b.c.i.u.g.PublishedGradleVersions - Gradle version information cache is out-of-date. Trying to update.
2022-05-02 09:07:26,795 [Worker-8: Loading available Gradle versions] INFO  o.e.b.c.i.u.g.PublishedGradleVersions - Gradle version information cache is up-to-date. Trying to read.
2022-05-02 10:23:18,014 [Worker-14: Loading available Gradle versions] INFO  o.e.b.c.i.u.g.PublishedGradleVersions - Gradle version information cache is up-to-date. Trying to read.
